[29-Jun-2026 10:25:55 UTC] VATAN BATCH: POST keys = vatan_music_batch_upload, batch_use_detected, _vatan_music_batch_nonce, _wp_http_referer, detected_title, detected_artist, detected_album, detected_track_number, detected_year, batch_artist, batch_create_artist, batch_album, batch_create_album, batch_auto_title, batch_auto_number, batch_status, batch_use_cover
[29-Jun-2026 10:25:55 UTC] VATAN BATCH: FILES received = 6
[29-Jun-2026 10:25:55 UTC] VATAN BATCH: file[0] name=01. Geryeh Nakon.mp3 error=0 size=4534984
[29-Jun-2026 10:25:55 UTC] VATAN BATCH: file[1] name=02. Mehmooni.mp3 error=0 size=4992548
[29-Jun-2026 10:25:55 UTC] VATAN BATCH: file[2] name=03. Atr To.mp3 error=0 size=4581688
[29-Jun-2026 10:25:55 UTC] VATAN BATCH: processing 6 files
[29-Jun-2026 10:25:55 UTC] VATAN UPLOAD: wp_handle_upload failed for 01. Geryeh Nakon.mp3 error=با عرض پوزش، شما مجاز به بارگذاری این نوع پرونده نیستید.
[29-Jun-2026 10:25:55 UTC] VATAN BATCH: upload failed for 01. Geryeh Nakon.mp3
[29-Jun-2026 10:25:55 UTC] VATAN UPLOAD: wp_handle_upload failed for 02. Mehmooni.mp3 error=با عرض پوزش، شما مجاز به بارگذاری این نوع پرونده نیستید.
[29-Jun-2026 10:25:55 UTC] VATAN BATCH: upload failed for 02. Mehmooni.mp3
[29-Jun-2026 10:25:55 UTC] VATAN UPLOAD: wp_handle_upload failed for 03. Atr To.mp3 error=با عرض پوزش، شما مجاز به بارگذاری این نوع پرونده نیستید.
[29-Jun-2026 10:25:55 UTC] VATAN BATCH: upload failed for 03. Atr To.mp3
[29-Jun-2026 10:25:55 UTC] VATAN UPLOAD: wp_handle_upload failed for 04. Maste Cheshmaat.mp3 error=با عرض پوزش، شما مجاز به بارگذاری این نوع پرونده نیستید.
[29-Jun-2026 10:25:55 UTC] VATAN BATCH: upload failed for 04. Maste Cheshmaat.mp3
[29-Jun-2026 10:25:55 UTC] VATAN UPLOAD: wp_handle_upload failed for 05. Jostejoo.mp3 error=با عرض پوزش، شما مجاز به بارگذاری این نوع پرونده نیستید.
[29-Jun-2026 10:25:55 UTC] VATAN BATCH: upload failed for 05. Jostejoo.mp3
[29-Jun-2026 10:25:55 UTC] VATAN UPLOAD: wp_handle_upload failed for 06. Khaneh o Khatereh.mp3 error=با عرض پوزش، شما مجاز به بارگذاری این نوع پرونده نیستید.
[29-Jun-2026 10:25:55 UTC] VATAN BATCH: upload failed for 06. Khaneh o Khatereh.mp3
[29-Jun-2026 10:25:55 UTC] VATAN BATCH: completed — created=0 failed=6
[29-Jun-2026 10:25:55 UTC] VATAN BATCH: no session, cannot store results
[29-Jun-2026 10:28:09 UTC] VATAN BATCH: POST keys = vatan_music_batch_upload, batch_use_detected, _vatan_music_batch_nonce, _wp_http_referer, detected_title, detected_artist, detected_album, detected_track_number, detected_year, batch_artist, batch_create_artist, batch_album, batch_create_album, batch_auto_title, batch_auto_number, batch_status, batch_use_cover
[29-Jun-2026 10:28:09 UTC] VATAN BATCH: FILES received = 6
[29-Jun-2026 10:28:09 UTC] VATAN BATCH: file[0] name=01. Geryeh Nakon.mp3 error=0 size=4534984
[29-Jun-2026 10:28:09 UTC] VATAN BATCH: file[1] name=02. Mehmooni.mp3 error=0 size=4992548
[29-Jun-2026 10:28:09 UTC] VATAN BATCH: file[2] name=03. Atr To.mp3 error=0 size=4581688
[29-Jun-2026 10:28:09 UTC] VATAN BATCH: processing 6 files
[29-Jun-2026 10:28:09 UTC] VATAN BATCH: uploaded 01. Geryeh Nakon.mp3 as attachment #236
[29-Jun-2026 10:28:09 UTC] VATAN BATCH: uploaded 02. Mehmooni.mp3 as attachment #238
[29-Jun-2026 10:28:09 UTC] VATAN BATCH: uploaded 03. Atr To.mp3 as attachment #240
[29-Jun-2026 10:28:09 UTC] VATAN BATCH: uploaded 04. Maste Cheshmaat.mp3 as attachment #242
[29-Jun-2026 10:28:09 UTC] VATAN BATCH: uploaded 05. Jostejoo.mp3 as attachment #244
[29-Jun-2026 10:28:09 UTC] VATAN BATCH: uploaded 06. Khaneh o Khatereh.mp3 as attachment #246
[29-Jun-2026 10:28:09 UTC] VATAN BATCH: completed — created=6 failed=0
[29-Jun-2026 10:28:09 UTC] VATAN BATCH: no session, cannot store results
[29-Jun-2026 10:33:28 UTC] VATAN BATCH: POST keys = vatan_music_batch_upload, batch_use_detected, _vatan_music_batch_nonce, _wp_http_referer, detected_title, detected_artist, detected_album, detected_track_number, detected_year, batch_artist, batch_create_artist, batch_album, batch_create_album, batch_auto_title, batch_auto_number, batch_status, batch_use_cover
[29-Jun-2026 10:33:28 UTC] VATAN BATCH: FILES received = 6
[29-Jun-2026 10:33:28 UTC] VATAN BATCH: file[0] name=01. Geryeh Nakon.mp3 error=0 size=4534984
[29-Jun-2026 10:33:28 UTC] VATAN BATCH: file[1] name=02. Mehmooni.mp3 error=0 size=4992548
[29-Jun-2026 10:33:28 UTC] VATAN BATCH: file[2] name=03. Atr To.mp3 error=0 size=4581688
[29-Jun-2026 10:33:28 UTC] VATAN BATCH: processing 6 files
[29-Jun-2026 10:33:28 UTC] VATAN BATCH: uploaded 01. Geryeh Nakon.mp3 as attachment #248
[29-Jun-2026 10:33:28 UTC] VATAN BATCH: id3 for 01. Geryeh Nakon.mp3 = {"title":"","artist":"","album":"","album_art":"","duration":0,"track_number":0,"year":"","genre":""}
[29-Jun-2026 10:33:28 UTC] VATAN BATCH: artist_id=0 use_detected=yes id3_artist= create_artist=yes
[29-Jun-2026 10:33:28 UTC] VATAN BATCH: album_id=0 id3_album= create_album=yes
[29-Jun-2026 10:33:28 UTC] VATAN BATCH: uploaded 02. Mehmooni.mp3 as attachment #250
[29-Jun-2026 10:33:28 UTC] VATAN BATCH: id3 for 02. Mehmooni.mp3 = {"title":"","artist":"","album":"","album_art":"","duration":0,"track_number":0,"year":"","genre":""}
[29-Jun-2026 10:33:28 UTC] VATAN BATCH: artist_id=0 use_detected=yes id3_artist= create_artist=yes
[29-Jun-2026 10:33:28 UTC] VATAN BATCH: album_id=0 id3_album= create_album=yes
[29-Jun-2026 10:33:28 UTC] VATAN BATCH: uploaded 03. Atr To.mp3 as attachment #252
[29-Jun-2026 10:33:28 UTC] VATAN BATCH: id3 for 03. Atr To.mp3 = {"title":"","artist":"","album":"","album_art":"","duration":0,"track_number":0,"year":"","genre":""}
[29-Jun-2026 10:33:28 UTC] VATAN BATCH: artist_id=0 use_detected=yes id3_artist= create_artist=yes
[29-Jun-2026 10:33:28 UTC] VATAN BATCH: album_id=0 id3_album= create_album=yes
[29-Jun-2026 10:33:28 UTC] VATAN BATCH: uploaded 04. Maste Cheshmaat.mp3 as attachment #254
[29-Jun-2026 10:33:28 UTC] VATAN BATCH: id3 for 04. Maste Cheshmaat.mp3 = {"title":"","artist":"","album":"","album_art":"","duration":0,"track_number":0,"year":"","genre":""}
[29-Jun-2026 10:33:28 UTC] VATAN BATCH: artist_id=0 use_detected=yes id3_artist= create_artist=yes
[29-Jun-2026 10:33:28 UTC] VATAN BATCH: album_id=0 id3_album= create_album=yes
[29-Jun-2026 10:33:28 UTC] VATAN BATCH: uploaded 05. Jostejoo.mp3 as attachment #256
[29-Jun-2026 10:33:28 UTC] VATAN BATCH: id3 for 05. Jostejoo.mp3 = {"title":"","artist":"","album":"","album_art":"","duration":0,"track_number":0,"year":"","genre":""}
[29-Jun-2026 10:33:28 UTC] VATAN BATCH: artist_id=0 use_detected=yes id3_artist= create_artist=yes
[29-Jun-2026 10:33:28 UTC] VATAN BATCH: album_id=0 id3_album= create_album=yes
[29-Jun-2026 10:33:28 UTC] VATAN BATCH: uploaded 06. Khaneh o Khatereh.mp3 as attachment #258
[29-Jun-2026 10:33:28 UTC] VATAN BATCH: id3 for 06. Khaneh o Khatereh.mp3 = {"title":"","artist":"","album":"","album_art":"","duration":0,"track_number":0,"year":"","genre":""}
[29-Jun-2026 10:33:28 UTC] VATAN BATCH: artist_id=0 use_detected=yes id3_artist= create_artist=yes
[29-Jun-2026 10:33:28 UTC] VATAN BATCH: album_id=0 id3_album= create_album=yes
[29-Jun-2026 10:33:28 UTC] VATAN BATCH: completed — created=6 failed=0
[29-Jun-2026 10:33:28 UTC] VATAN BATCH: no session, cannot store results
[29-Jun-2026 10:36:57 UTC] VATAN BATCH: POST keys = vatan_music_batch_upload, batch_use_detected, _vatan_music_batch_nonce, _wp_http_referer, detected_title, detected_artist, detected_album, detected_track_number, detected_year, batch_artist, batch_create_artist, batch_album, batch_create_album, batch_auto_title, batch_auto_number, batch_status, batch_use_cover
[29-Jun-2026 10:36:57 UTC] VATAN BATCH: FILES received = 14
[29-Jun-2026 10:36:57 UTC] VATAN BATCH: file[0] name=Queen - Call Me.mp3 error=0 size=7194414
[29-Jun-2026 10:36:57 UTC] VATAN BATCH: file[1] name=Queen - Clebrity.mp3 error=0 size=8787888
[29-Jun-2026 10:36:57 UTC] VATAN BATCH: file[2] name=Queen - Cosmos Rockin.mp3 error=0 size=10102377
[29-Jun-2026 10:36:57 UTC] VATAN BATCH: processing 14 files
[29-Jun-2026 10:36:57 UTC] VATAN BATCH: uploaded Queen - Call Me.mp3 as attachment #260
[29-Jun-2026 10:36:57 UTC] VATAN BATCH: id3 for Queen - Call Me.mp3 = {"title":"","artist":"","album":"","album_art":"","duration":0,"track_number":0,"year":"","genre":""}
[29-Jun-2026 10:36:57 UTC] VATAN BATCH: artist_id=0 use_detected=yes id3_artist= create_artist=yes
[29-Jun-2026 10:36:57 UTC] VATAN BATCH: album_id=0 id3_album= create_album=yes
[29-Jun-2026 10:36:57 UTC] VATAN BATCH: uploaded Queen - Clebrity.mp3 as attachment #262
[29-Jun-2026 10:36:57 UTC] VATAN BATCH: id3 for Queen - Clebrity.mp3 = {"title":"","artist":"","album":"","album_art":"","duration":0,"track_number":0,"year":"","genre":""}
[29-Jun-2026 10:36:57 UTC] VATAN BATCH: artist_id=0 use_detected=yes id3_artist= create_artist=yes
[29-Jun-2026 10:36:57 UTC] VATAN BATCH: album_id=0 id3_album= create_album=yes
[29-Jun-2026 10:36:57 UTC] VATAN BATCH: uploaded Queen - Cosmos Rockin.mp3 as attachment #264
[29-Jun-2026 10:36:57 UTC] VATAN BATCH: id3 for Queen - Cosmos Rockin.mp3 = {"title":"","artist":"","album":"","album_art":"","duration":0,"track_number":0,"year":"","genre":""}
[29-Jun-2026 10:36:57 UTC] VATAN BATCH: artist_id=0 use_detected=yes id3_artist= create_artist=yes
[29-Jun-2026 10:36:57 UTC] VATAN BATCH: album_id=0 id3_album= create_album=yes
[29-Jun-2026 10:36:58 UTC] VATAN BATCH: uploaded Queen - Say Its Not True.mp3 as attachment #266
[29-Jun-2026 10:36:58 UTC] VATAN BATCH: id3 for Queen - Say Its Not True.mp3 = {"title":"","artist":"","album":"","album_art":"","duration":0,"track_number":0,"year":"","genre":""}
[29-Jun-2026 10:36:58 UTC] VATAN BATCH: artist_id=0 use_detected=yes id3_artist= create_artist=yes
[29-Jun-2026 10:36:58 UTC] VATAN BATCH: album_id=0 id3_album= create_album=yes
[29-Jun-2026 10:36:58 UTC] VATAN BATCH: uploaded Queen - Small Reprise.mp3 as attachment #268
[29-Jun-2026 10:36:58 UTC] VATAN BATCH: id3 for Queen - Small Reprise.mp3 = {"title":"","artist":"","album":"","album_art":"","duration":0,"track_number":0,"year":"","genre":""}
[29-Jun-2026 10:36:58 UTC] VATAN BATCH: artist_id=0 use_detected=yes id3_artist= create_artist=yes
[29-Jun-2026 10:36:58 UTC] VATAN BATCH: album_id=0 id3_album= create_album=yes
[29-Jun-2026 10:36:58 UTC] VATAN BATCH: uploaded Queen - Small.mp3 as attachment #270
[29-Jun-2026 10:36:58 UTC] VATAN BATCH: id3 for Queen - Small.mp3 = {"title":"","artist":"","album":"","album_art":"","duration":0,"track_number":0,"year":"","genre":""}
[29-Jun-2026 10:36:58 UTC] VATAN BATCH: artist_id=0 use_detected=yes id3_artist= create_artist=yes
[29-Jun-2026 10:36:58 UTC] VATAN BATCH: album_id=0 id3_album= create_album=yes
[29-Jun-2026 10:36:58 UTC] VATAN BATCH: uploaded Queen - Some Things That Glitter.mp3 as attachment #272
[29-Jun-2026 10:36:58 UTC] VATAN BATCH: id3 for Queen - Some Things That Glitter.mp3 = {"title":"","artist":"","album":"","album_art":"","duration":0,"track_number":0,"year":"","genre":""}
[29-Jun-2026 10:36:58 UTC] VATAN BATCH: artist_id=0 use_detected=yes id3_artist= create_artist=yes
[29-Jun-2026 10:36:58 UTC] VATAN BATCH: album_id=0 id3_album= create_album=yes
[29-Jun-2026 10:36:58 UTC] VATAN BATCH: uploaded Queen - Still Burning.mp3 as attachment #274
[29-Jun-2026 10:36:58 UTC] VATAN BATCH: id3 for Queen - Still Burning.mp3 = {"title":"","artist":"","album":"","album_art":"","duration":0,"track_number":0,"year":"","genre":""}
[29-Jun-2026 10:36:58 UTC] VATAN BATCH: artist_id=0 use_detected=yes id3_artist= create_artist=yes
[29-Jun-2026 10:36:58 UTC] VATAN BATCH: album_id=0 id3_album= create_album=yes
[29-Jun-2026 10:36:58 UTC] VATAN BATCH: uploaded Queen - Surfs Up Schools Out.mp3 as attachment #276
[29-Jun-2026 10:36:58 UTC] VATAN BATCH: id3 for Queen - Surfs Up Schools Out.mp3 = {"title":"","artist":"","album":"","album_art":"","duration":0,"track_number":0,"year":"","genre":""}
[29-Jun-2026 10:36:58 UTC] VATAN BATCH: artist_id=0 use_detected=yes id3_artist= create_artist=yes
[29-Jun-2026 10:36:58 UTC] VATAN BATCH: album_id=0 id3_album= create_album=yes
[29-Jun-2026 10:36:58 UTC] VATAN BATCH: uploaded Queen - Through The Night.mp3 as attachment #278
[29-Jun-2026 10:36:58 UTC] VATAN BATCH: id3 for Queen - Through The Night.mp3 = {"title":"","artist":"","album":"","album_art":"","duration":0,"track_number":0,"year":"","genre":""}
[29-Jun-2026 10:36:58 UTC] VATAN BATCH: artist_id=0 use_detected=yes id3_artist= create_artist=yes
[29-Jun-2026 10:36:58 UTC] VATAN BATCH: album_id=0 id3_album= create_album=yes
[29-Jun-2026 10:36:58 UTC] VATAN BATCH: uploaded Queen - Time To Shine.mp3 as attachment #280
[29-Jun-2026 10:36:58 UTC] VATAN BATCH: id3 for Queen - Time To Shine.mp3 = {"title":"","artist":"","album":"","album_art":"","duration":0,"track_number":0,"year":"","genre":""}
[29-Jun-2026 10:36:58 UTC] VATAN BATCH: artist_id=0 use_detected=yes id3_artist= create_artist=yes
[29-Jun-2026 10:36:58 UTC] VATAN BATCH: album_id=0 id3_album= create_album=yes
[29-Jun-2026 10:36:58 UTC] VATAN BATCH: uploaded Queen - Voodoo.mp3 as attachment #282
[29-Jun-2026 10:36:58 UTC] VATAN BATCH: id3 for Queen - Voodoo.mp3 = {"title":"","artist":"","album":"","album_art":"","duration":0,"track_number":0,"year":"","genre":""}
[29-Jun-2026 10:36:58 UTC] VATAN BATCH: artist_id=0 use_detected=yes id3_artist= create_artist=yes
[29-Jun-2026 10:36:58 UTC] VATAN BATCH: album_id=0 id3_album= create_album=yes
[29-Jun-2026 10:36:58 UTC] VATAN BATCH: uploaded Queen - Warboys.mp3 as attachment #284
[29-Jun-2026 10:36:58 UTC] VATAN BATCH: id3 for Queen - Warboys.mp3 = {"title":"","artist":"","album":"","album_art":"","duration":0,"track_number":0,"year":"","genre":""}
[29-Jun-2026 10:36:58 UTC] VATAN BATCH: artist_id=0 use_detected=yes id3_artist= create_artist=yes
[29-Jun-2026 10:36:58 UTC] VATAN BATCH: album_id=0 id3_album= create_album=yes
[29-Jun-2026 10:36:58 UTC] VATAN BATCH: uploaded Queen - We Believe.mp3 as attachment #286
[29-Jun-2026 10:36:58 UTC] VATAN BATCH: id3 for Queen - We Believe.mp3 = {"title":"","artist":"","album":"","album_art":"","duration":0,"track_number":0,"year":"","genre":""}
[29-Jun-2026 10:36:58 UTC] VATAN BATCH: artist_id=0 use_detected=yes id3_artist= create_artist=yes
[29-Jun-2026 10:36:58 UTC] VATAN BATCH: album_id=0 id3_album= create_album=yes
[29-Jun-2026 10:36:58 UTC] VATAN BATCH: completed — created=14 failed=0
[29-Jun-2026 10:36:58 UTC] VATAN BATCH: no session, cannot store results
[29-Jun-2026 10:39:29 UTC] PHP Parse error:  Unmatched '}' in C:\Users\sutso\Local Sites\vatan-ticket\app\public\wp-content\themes\vatan-event\inc\music\admin.php on line 1037
[29-Jun-2026 10:39:29 UTC] PHP Notice:  Function _load_textdomain_just_in_time was called <strong>incorrectly</strong>. بارگذاری ترجمه برای دامنه <code>vatan-event</code> زودتر از حد مجاز فراخوانی شد. این معمولاً نشان‌دهندهٔ اجرای کدی در افزونه یا پوسته است که خیلی زود اجرا شده است. ترجمه‌ها باید در عملیات <code>init</code> یا بعد از آن بارگذاری شوند. Please see <a href="https://developer.wordpress.org/advanced-administration/debug/debug-wordpress/">Debugging in WordPress</a> for more information. (این پیام در نگارش 6.7.0 افزوده شده است.) in C:\Users\sutso\Local Sites\vatan-ticket\app\public\wp-includes\functions.php on line 6170
[29-Jun-2026 10:48:51 UTC] PHP Parse error:  Unmatched '}' in C:\Users\sutso\Local Sites\vatan-ticket\app\public\wp-content\themes\vatan-event\inc\music\admin.php on line 1037
[29-Jun-2026 10:48:51 UTC] PHP Notice:  Function _load_textdomain_just_in_time was called <strong>incorrectly</strong>. بارگذاری ترجمه برای دامنه <code>woocommerce</code> زودتر از حد مجاز فراخوانی شد. این معمولاً نشان‌دهندهٔ اجرای کدی در افزونه یا پوسته است که خیلی زود اجرا شده است. ترجمه‌ها باید در عملیات <code>init</code> یا بعد از آن بارگذاری شوند. Please see <a href="https://developer.wordpress.org/advanced-administration/debug/debug-wordpress/">Debugging in WordPress</a> for more information. (این پیام در نگارش 6.7.0 افزوده شده است.) in C:\Users\sutso\Local Sites\vatan-ticket\app\public\wp-includes\functions.php on line 6170
[29-Jun-2026 10:48:51 UTC] PHP Parse error:  Unmatched '}' in C:\Users\sutso\Local Sites\vatan-ticket\app\public\wp-content\themes\vatan-event\inc\music\admin.php on line 1037
[29-Jun-2026 10:48:51 UTC] PHP Notice:  Function _load_textdomain_just_in_time was called <strong>incorrectly</strong>. بارگذاری ترجمه برای دامنه <code>woocommerce</code> زودتر از حد مجاز فراخوانی شد. این معمولاً نشان‌دهندهٔ اجرای کدی در افزونه یا پوسته است که خیلی زود اجرا شده است. ترجمه‌ها باید در عملیات <code>init</code> یا بعد از آن بارگذاری شوند. Please see <a href="https://developer.wordpress.org/advanced-administration/debug/debug-wordpress/">Debugging in WordPress</a> for more information. (این پیام در نگارش 6.7.0 افزوده شده است.) in C:\Users\sutso\Local Sites\vatan-ticket\app\public\wp-includes\functions.php on line 6170
[29-Jun-2026 10:49:12 UTC] PHP Parse error:  Unmatched '}' in C:\Users\sutso\Local Sites\vatan-ticket\app\public\wp-content\themes\vatan-event\inc\music\admin.php on line 1037
[29-Jun-2026 10:49:12 UTC] PHP Notice:  Function _load_textdomain_just_in_time was called <strong>incorrectly</strong>. بارگذاری ترجمه برای دامنه <code>woocommerce</code> زودتر از حد مجاز فراخوانی شد. این معمولاً نشان‌دهندهٔ اجرای کدی در افزونه یا پوسته است که خیلی زود اجرا شده است. ترجمه‌ها باید در عملیات <code>init</code> یا بعد از آن بارگذاری شوند. Please see <a href="https://developer.wordpress.org/advanced-administration/debug/debug-wordpress/">Debugging in WordPress</a> for more information. (این پیام در نگارش 6.7.0 افزوده شده است.) in C:\Users\sutso\Local Sites\vatan-ticket\app\public\wp-includes\functions.php on line 6170
[29-Jun-2026 10:49:13 UTC] PHP Parse error:  Unmatched '}' in C:\Users\sutso\Local Sites\vatan-ticket\app\public\wp-content\themes\vatan-event\inc\music\admin.php on line 1037
[29-Jun-2026 10:49:13 UTC] PHP Notice:  Function _load_textdomain_just_in_time was called <strong>incorrectly</strong>. بارگذاری ترجمه برای دامنه <code>woocommerce</code> زودتر از حد مجاز فراخوانی شد. این معمولاً نشان‌دهندهٔ اجرای کدی در افزونه یا پوسته است که خیلی زود اجرا شده است. ترجمه‌ها باید در عملیات <code>init</code> یا بعد از آن بارگذاری شوند. Please see <a href="https://developer.wordpress.org/advanced-administration/debug/debug-wordpress/">Debugging in WordPress</a> for more information. (این پیام در نگارش 6.7.0 افزوده شده است.) in C:\Users\sutso\Local Sites\vatan-ticket\app\public\wp-includes\functions.php on line 6170
[29-Jun-2026 10:49:17 UTC] PHP Parse error:  Unmatched '}' in C:\Users\sutso\Local Sites\vatan-ticket\app\public\wp-content\themes\vatan-event\inc\music\admin.php on line 1037
[29-Jun-2026 10:49:17 UTC] PHP Notice:  Function _load_textdomain_just_in_time was called <strong>incorrectly</strong>. بارگذاری ترجمه برای دامنه <code>woocommerce</code> زودتر از حد مجاز فراخوانی شد. این معمولاً نشان‌دهندهٔ اجرای کدی در افزونه یا پوسته است که خیلی زود اجرا شده است. ترجمه‌ها باید در عملیات <code>init</code> یا بعد از آن بارگذاری شوند. Please see <a href="https://developer.wordpress.org/advanced-administration/debug/debug-wordpress/">Debugging in WordPress</a> for more information. (این پیام در نگارش 6.7.0 افزوده شده است.) in C:\Users\sutso\Local Sites\vatan-ticket\app\public\wp-includes\functions.php on line 6170
[29-Jun-2026 10:49:17 UTC] PHP Parse error:  Unmatched '}' in C:\Users\sutso\Local Sites\vatan-ticket\app\public\wp-content\themes\vatan-event\inc\music\admin.php on line 1037
[29-Jun-2026 10:49:17 UTC] PHP Notice:  Function _load_textdomain_just_in_time was called <strong>incorrectly</strong>. بارگذاری ترجمه برای دامنه <code>woocommerce</code> زودتر از حد مجاز فراخوانی شد. این معمولاً نشان‌دهندهٔ اجرای کدی در افزونه یا پوسته است که خیلی زود اجرا شده است. ترجمه‌ها باید در عملیات <code>init</code> یا بعد از آن بارگذاری شوند. Please see <a href="https://developer.wordpress.org/advanced-administration/debug/debug-wordpress/">Debugging in WordPress</a> for more information. (این پیام در نگارش 6.7.0 افزوده شده است.) in C:\Users\sutso\Local Sites\vatan-ticket\app\public\wp-includes\functions.php on line 6170
[29-Jun-2026 10:52:01 UTC] VATAN BATCH: POST keys = vatan_music_batch_upload, batch_use_detected, _vatan_music_batch_nonce, _wp_http_referer, detected_title, detected_artist, detected_album, detected_track_number, detected_year, batch_artist, batch_create_artist, batch_album, batch_create_album, batch_auto_title, batch_auto_number, batch_status, batch_use_cover
[29-Jun-2026 10:52:01 UTC] VATAN BATCH: FILES received = 14
[29-Jun-2026 10:52:01 UTC] VATAN BATCH: file[0] name=Queen - Call Me.mp3 error=0 size=7194414
[29-Jun-2026 10:52:01 UTC] VATAN BATCH: file[1] name=Queen - Clebrity.mp3 error=0 size=8787888
[29-Jun-2026 10:52:01 UTC] VATAN BATCH: file[2] name=Queen - Cosmos Rockin.mp3 error=0 size=10102377
[29-Jun-2026 10:52:01 UTC] VATAN BATCH: processing 14 files
[29-Jun-2026 10:52:01 UTC] VATAN BATCH: uploaded Queen - Call Me.mp3 as attachment #288
[29-Jun-2026 10:52:01 UTC] VATAN BATCH: id3 for Queen - Call Me.mp3 = {"title":"","artist":"","album":"","album_art":"","duration":0,"track_number":0,"year":"","genre":""}
[29-Jun-2026 10:52:01 UTC] VATAN BATCH: artist_id=0 use_detected=yes id3_artist= create_artist=yes
[29-Jun-2026 10:52:01 UTC] VATAN BATCH: album_id=0 id3_album= create_album=yes
[29-Jun-2026 10:52:01 UTC] VATAN BATCH: uploaded Queen - Clebrity.mp3 as attachment #290
[29-Jun-2026 10:52:01 UTC] VATAN BATCH: id3 for Queen - Clebrity.mp3 = {"title":"","artist":"","album":"","album_art":"","duration":0,"track_number":0,"year":"","genre":""}
[29-Jun-2026 10:52:01 UTC] VATAN BATCH: artist_id=0 use_detected=yes id3_artist= create_artist=yes
[29-Jun-2026 10:52:01 UTC] VATAN BATCH: album_id=0 id3_album= create_album=yes
[29-Jun-2026 10:52:01 UTC] VATAN BATCH: uploaded Queen - Cosmos Rockin.mp3 as attachment #292
[29-Jun-2026 10:52:01 UTC] VATAN BATCH: id3 for Queen - Cosmos Rockin.mp3 = {"title":"","artist":"","album":"","album_art":"","duration":0,"track_number":0,"year":"","genre":""}
[29-Jun-2026 10:52:01 UTC] VATAN BATCH: artist_id=0 use_detected=yes id3_artist= create_artist=yes
[29-Jun-2026 10:52:01 UTC] VATAN BATCH: album_id=0 id3_album= create_album=yes
[29-Jun-2026 10:52:02 UTC] VATAN BATCH: uploaded Queen - Say Its Not True.mp3 as attachment #294
[29-Jun-2026 10:52:02 UTC] VATAN BATCH: id3 for Queen - Say Its Not True.mp3 = {"title":"","artist":"","album":"","album_art":"","duration":0,"track_number":0,"year":"","genre":""}
[29-Jun-2026 10:52:02 UTC] VATAN BATCH: artist_id=0 use_detected=yes id3_artist= create_artist=yes
[29-Jun-2026 10:52:02 UTC] VATAN BATCH: album_id=0 id3_album= create_album=yes
[29-Jun-2026 10:52:02 UTC] VATAN BATCH: uploaded Queen - Small.mp3 as attachment #296
[29-Jun-2026 10:52:02 UTC] VATAN BATCH: id3 for Queen - Small.mp3 = {"title":"","artist":"","album":"","album_art":"","duration":0,"track_number":0,"year":"","genre":""}
[29-Jun-2026 10:52:02 UTC] VATAN BATCH: artist_id=0 use_detected=yes id3_artist= create_artist=yes
[29-Jun-2026 10:52:02 UTC] VATAN BATCH: album_id=0 id3_album= create_album=yes
[29-Jun-2026 10:52:02 UTC] VATAN BATCH: uploaded Queen - Small Reprise.mp3 as attachment #298
[29-Jun-2026 10:52:02 UTC] VATAN BATCH: id3 for Queen - Small Reprise.mp3 = {"title":"","artist":"","album":"","album_art":"","duration":0,"track_number":0,"year":"","genre":""}
[29-Jun-2026 10:52:02 UTC] VATAN BATCH: artist_id=0 use_detected=yes id3_artist= create_artist=yes
[29-Jun-2026 10:52:02 UTC] VATAN BATCH: album_id=0 id3_album= create_album=yes
[29-Jun-2026 10:52:02 UTC] VATAN BATCH: uploaded Queen - Some Things That Glitter.mp3 as attachment #300
[29-Jun-2026 10:52:02 UTC] VATAN BATCH: id3 for Queen - Some Things That Glitter.mp3 = {"title":"","artist":"","album":"","album_art":"","duration":0,"track_number":0,"year":"","genre":""}
[29-Jun-2026 10:52:02 UTC] VATAN BATCH: artist_id=0 use_detected=yes id3_artist= create_artist=yes
[29-Jun-2026 10:52:02 UTC] VATAN BATCH: album_id=0 id3_album= create_album=yes
[29-Jun-2026 10:52:02 UTC] VATAN BATCH: uploaded Queen - Still Burning.mp3 as attachment #302
[29-Jun-2026 10:52:02 UTC] VATAN BATCH: id3 for Queen - Still Burning.mp3 = {"title":"","artist":"","album":"","album_art":"","duration":0,"track_number":0,"year":"","genre":""}
[29-Jun-2026 10:52:02 UTC] VATAN BATCH: artist_id=0 use_detected=yes id3_artist= create_artist=yes
[29-Jun-2026 10:52:02 UTC] VATAN BATCH: album_id=0 id3_album= create_album=yes
[29-Jun-2026 10:52:02 UTC] VATAN BATCH: uploaded Queen - Surfs Up Schools Out.mp3 as attachment #304
[29-Jun-2026 10:52:02 UTC] VATAN BATCH: id3 for Queen - Surfs Up Schools Out.mp3 = {"title":"","artist":"","album":"","album_art":"","duration":0,"track_number":0,"year":"","genre":""}
[29-Jun-2026 10:52:02 UTC] VATAN BATCH: artist_id=0 use_detected=yes id3_artist= create_artist=yes
[29-Jun-2026 10:52:02 UTC] VATAN BATCH: album_id=0 id3_album= create_album=yes
[29-Jun-2026 10:52:02 UTC] VATAN BATCH: uploaded Queen - Through The Night.mp3 as attachment #306
[29-Jun-2026 10:52:02 UTC] VATAN BATCH: id3 for Queen - Through The Night.mp3 = {"title":"","artist":"","album":"","album_art":"","duration":0,"track_number":0,"year":"","genre":""}
[29-Jun-2026 10:52:02 UTC] VATAN BATCH: artist_id=0 use_detected=yes id3_artist= create_artist=yes
[29-Jun-2026 10:52:02 UTC] VATAN BATCH: album_id=0 id3_album= create_album=yes
[29-Jun-2026 10:52:02 UTC] VATAN BATCH: uploaded Queen - Time To Shine.mp3 as attachment #308
[29-Jun-2026 10:52:02 UTC] VATAN BATCH: id3 for Queen - Time To Shine.mp3 = {"title":"","artist":"","album":"","album_art":"","duration":0,"track_number":0,"year":"","genre":""}
[29-Jun-2026 10:52:02 UTC] VATAN BATCH: artist_id=0 use_detected=yes id3_artist= create_artist=yes
[29-Jun-2026 10:52:02 UTC] VATAN BATCH: album_id=0 id3_album= create_album=yes
[29-Jun-2026 10:52:02 UTC] VATAN BATCH: uploaded Queen - Voodoo.mp3 as attachment #310
[29-Jun-2026 10:52:02 UTC] VATAN BATCH: id3 for Queen - Voodoo.mp3 = {"title":"","artist":"","album":"","album_art":"","duration":0,"track_number":0,"year":"","genre":""}
[29-Jun-2026 10:52:02 UTC] VATAN BATCH: artist_id=0 use_detected=yes id3_artist= create_artist=yes
[29-Jun-2026 10:52:02 UTC] VATAN BATCH: album_id=0 id3_album= create_album=yes
[29-Jun-2026 10:52:02 UTC] VATAN BATCH: uploaded Queen - Warboys.mp3 as attachment #312
[29-Jun-2026 10:52:02 UTC] VATAN BATCH: id3 for Queen - Warboys.mp3 = {"title":"","artist":"","album":"","album_art":"","duration":0,"track_number":0,"year":"","genre":""}
[29-Jun-2026 10:52:02 UTC] VATAN BATCH: artist_id=0 use_detected=yes id3_artist= create_artist=yes
[29-Jun-2026 10:52:02 UTC] VATAN BATCH: album_id=0 id3_album= create_album=yes
[29-Jun-2026 10:52:02 UTC] VATAN BATCH: uploaded Queen - We Believe.mp3 as attachment #314
[29-Jun-2026 10:52:02 UTC] VATAN BATCH: id3 for Queen - We Believe.mp3 = {"title":"","artist":"","album":"","album_art":"","duration":0,"track_number":0,"year":"","genre":""}
[29-Jun-2026 10:52:02 UTC] VATAN BATCH: artist_id=0 use_detected=yes id3_artist= create_artist=yes
[29-Jun-2026 10:52:02 UTC] VATAN BATCH: album_id=0 id3_album= create_album=yes
[29-Jun-2026 10:52:02 UTC] VATAN BATCH: completed — created=14 failed=0
[29-Jun-2026 10:52:02 UTC] VATAN BATCH: no session, cannot store results
[29-Jun-2026 10:57:47 UTC] VATAN BATCH: POST keys = vatan_music_batch_upload, batch_use_detected, _vatan_music_batch_nonce, _wp_http_referer, detected_title, detected_artist, detected_album, detected_track_number, detected_year, batch_artist, batch_create_artist, batch_album, batch_create_album, batch_auto_title, batch_auto_number, batch_status, batch_use_cover
[29-Jun-2026 10:57:47 UTC] VATAN BATCH: FILES received = 14
[29-Jun-2026 10:57:47 UTC] VATAN BATCH: file[0] name=Queen - Call Me.mp3 error=0 size=7194414
[29-Jun-2026 10:57:47 UTC] VATAN BATCH: file[1] name=Queen - Clebrity.mp3 error=0 size=8787888
[29-Jun-2026 10:57:47 UTC] VATAN BATCH: file[2] name=Queen - Cosmos Rockin.mp3 error=0 size=10102377
[29-Jun-2026 10:57:47 UTC] VATAN BATCH: processing 14 files
[29-Jun-2026 10:57:47 UTC] VATAN BATCH: id3 for Queen - Call Me.mp3 = {"title":"Call Me","artist":"Queen","album":"Cosmos Rocks","album_art":"","duration":179,"track_number":0,"year":"","genre":""}
[29-Jun-2026 10:57:47 UTC] VATAN BATCH: uploaded Queen - Call Me.mp3 as attachment #316
[29-Jun-2026 10:57:47 UTC] VATAN BATCH: artist_id=0 use_detected=yes id3_artist=Queen create_artist=yes
[29-Jun-2026 10:57:47 UTC] VATAN BATCH: album_id=0 id3_album=Cosmos Rocks create_album=yes
[29-Jun-2026 10:57:47 UTC] VATAN BATCH: set artist_id=317 for track #319
[29-Jun-2026 10:57:47 UTC] VATAN BATCH: set album_id=318 for track #319
[29-Jun-2026 10:57:47 UTC] VATAN BATCH: id3 for Queen - Clebrity.mp3 = {"title":"C-lebrity","artist":"Queen","album":"Cosmos Rocks","album_art":"","duration":219,"track_number":0,"year":"","genre":""}
[29-Jun-2026 10:57:47 UTC] VATAN BATCH: uploaded Queen - Clebrity.mp3 as attachment #320
[29-Jun-2026 10:57:47 UTC] VATAN BATCH: artist_id=0 use_detected=yes id3_artist=Queen create_artist=yes
[29-Jun-2026 10:57:47 UTC] VATAN BATCH: album_id=0 id3_album=Cosmos Rocks create_album=yes
[29-Jun-2026 10:57:47 UTC] VATAN BATCH: set artist_id=317 for track #321
[29-Jun-2026 10:57:47 UTC] VATAN BATCH: set album_id=318 for track #321
[29-Jun-2026 10:57:47 UTC] VATAN BATCH: id3 for Queen - Cosmos Rockin.mp3 = {"title":"Cosmos Rockin","artist":"Queen","album":"Cosmos Rocks","album_art":"","duration":251,"track_number":0,"year":"","genre":""}
[29-Jun-2026 10:57:47 UTC] VATAN BATCH: uploaded Queen - Cosmos Rockin.mp3 as attachment #322
[29-Jun-2026 10:57:47 UTC] VATAN BATCH: artist_id=0 use_detected=yes id3_artist=Queen create_artist=yes
[29-Jun-2026 10:57:47 UTC] VATAN BATCH: album_id=0 id3_album=Cosmos Rocks create_album=yes
[29-Jun-2026 10:57:47 UTC] VATAN BATCH: set artist_id=317 for track #323
[29-Jun-2026 10:57:47 UTC] VATAN BATCH: set album_id=318 for track #323
[29-Jun-2026 10:57:47 UTC] VATAN BATCH: id3 for Queen - Say Its Not True.mp3 = {"title":"Say It's Not True","artist":"Queen","album":"Cosmos Rocks","album_art":"","duration":242,"track_number":0,"year":"","genre":""}
[29-Jun-2026 10:57:47 UTC] VATAN BATCH: uploaded Queen - Say Its Not True.mp3 as attachment #324
[29-Jun-2026 10:57:47 UTC] VATAN BATCH: artist_id=0 use_detected=yes id3_artist=Queen create_artist=yes
[29-Jun-2026 10:57:47 UTC] VATAN BATCH: album_id=0 id3_album=Cosmos Rocks create_album=yes
[29-Jun-2026 10:57:47 UTC] VATAN BATCH: set artist_id=317 for track #325
[29-Jun-2026 10:57:47 UTC] VATAN BATCH: set album_id=318 for track #325
[29-Jun-2026 10:57:47 UTC] VATAN BATCH: id3 for Queen - Small.mp3 = {"title":"Small","artist":"Queen","album":"Cosmos Rocks","album_art":"","duration":281,"track_number":0,"year":"","genre":""}
[29-Jun-2026 10:57:47 UTC] VATAN BATCH: uploaded Queen - Small.mp3 as attachment #326
[29-Jun-2026 10:57:47 UTC] VATAN BATCH: artist_id=0 use_detected=yes id3_artist=Queen create_artist=yes
[29-Jun-2026 10:57:47 UTC] VATAN BATCH: album_id=0 id3_album=Cosmos Rocks create_album=yes
[29-Jun-2026 10:57:47 UTC] VATAN BATCH: set artist_id=317 for track #327
[29-Jun-2026 10:57:47 UTC] VATAN BATCH: set album_id=318 for track #327
[29-Jun-2026 10:57:47 UTC] VATAN BATCH: id3 for Queen - Small Reprise.mp3 = {"title":"Small Reprise","artist":"Queen","album":"Cosmos Rocks","album_art":"","duration":126,"track_number":0,"year":"","genre":""}
[29-Jun-2026 10:57:47 UTC] VATAN BATCH: uploaded Queen - Small Reprise.mp3 as attachment #328
[29-Jun-2026 10:57:47 UTC] VATAN BATCH: artist_id=0 use_detected=yes id3_artist=Queen create_artist=yes
[29-Jun-2026 10:57:47 UTC] VATAN BATCH: album_id=0 id3_album=Cosmos Rocks create_album=yes
[29-Jun-2026 10:57:47 UTC] VATAN BATCH: set artist_id=317 for track #329
[29-Jun-2026 10:57:47 UTC] VATAN BATCH: set album_id=318 for track #329
[29-Jun-2026 10:57:47 UTC] VATAN BATCH: id3 for Queen - Some Things That Glitter.mp3 = {"title":"Some Things That Glitter","artist":"Queen","album":"Cosmos Rocks","album_art":"","duration":243,"track_number":0,"year":"","genre":""}
[29-Jun-2026 10:57:47 UTC] VATAN BATCH: uploaded Queen - Some Things That Glitter.mp3 as attachment #330
[29-Jun-2026 10:57:47 UTC] VATAN BATCH: artist_id=0 use_detected=yes id3_artist=Queen create_artist=yes
[29-Jun-2026 10:57:47 UTC] VATAN BATCH: album_id=0 id3_album=Cosmos Rocks create_album=yes
[29-Jun-2026 10:57:47 UTC] VATAN BATCH: set artist_id=317 for track #331
[29-Jun-2026 10:57:47 UTC] VATAN BATCH: set album_id=318 for track #331
[29-Jun-2026 10:57:47 UTC] VATAN BATCH: id3 for Queen - Still Burning.mp3 = {"title":"Still Burning","artist":"Queen","album":"Cosmos Rocks","album_art":"","duration":243,"track_number":0,"year":"","genre":""}
[29-Jun-2026 10:57:47 UTC] VATAN BATCH: uploaded Queen - Still Burning.mp3 as attachment #332
[29-Jun-2026 10:57:47 UTC] VATAN BATCH: artist_id=0 use_detected=yes id3_artist=Queen create_artist=yes
[29-Jun-2026 10:57:47 UTC] VATAN BATCH: album_id=0 id3_album=Cosmos Rocks create_album=yes
[29-Jun-2026 10:57:47 UTC] VATAN BATCH: set artist_id=317 for track #333
[29-Jun-2026 10:57:47 UTC] VATAN BATCH: set album_id=318 for track #333
[29-Jun-2026 10:57:47 UTC] VATAN BATCH: id3 for Queen - Surfs Up Schools Out.mp3 = {"title":"Surf's Up... School's Out","artist":"Queen","album":"Cosmos Rocks","album_art":"","duration":355,"track_number":0,"year":"","genre":""}
[29-Jun-2026 10:57:47 UTC] VATAN BATCH: uploaded Queen - Surfs Up Schools Out.mp3 as attachment #334
[29-Jun-2026 10:57:47 UTC] VATAN BATCH: artist_id=0 use_detected=yes id3_artist=Queen create_artist=yes
[29-Jun-2026 10:57:47 UTC] VATAN BATCH: album_id=0 id3_album=Cosmos Rocks create_album=yes
[29-Jun-2026 10:57:47 UTC] VATAN BATCH: set artist_id=317 for track #335
[29-Jun-2026 10:57:47 UTC] VATAN BATCH: set album_id=318 for track #335
[29-Jun-2026 10:57:47 UTC] VATAN BATCH: id3 for Queen - Through The Night.mp3 = {"title":"Through The Night","artist":"Queen","album":"Cosmos Rocks","album_art":"","duration":294,"track_number":0,"year":"","genre":""}
[29-Jun-2026 10:57:47 UTC] VATAN BATCH: uploaded Queen - Through The Night.mp3 as attachment #336
[29-Jun-2026 10:57:47 UTC] VATAN BATCH: artist_id=0 use_detected=yes id3_artist=Queen create_artist=yes
[29-Jun-2026 10:57:47 UTC] VATAN BATCH: album_id=0 id3_album=Cosmos Rocks create_album=yes
[29-Jun-2026 10:57:47 UTC] VATAN BATCH: set artist_id=317 for track #337
[29-Jun-2026 10:57:47 UTC] VATAN BATCH: set album_id=318 for track #337
[29-Jun-2026 10:57:47 UTC] VATAN BATCH: id3 for Queen - Time To Shine.mp3 = {"title":"Time To Shine","artist":"Queen","album":"Cosmos Rocks","album_art":"","duration":263,"track_number":0,"year":"","genre":""}
[29-Jun-2026 10:57:47 UTC] VATAN BATCH: uploaded Queen - Time To Shine.mp3 as attachment #338
[29-Jun-2026 10:57:47 UTC] VATAN BATCH: artist_id=0 use_detected=yes id3_artist=Queen create_artist=yes
[29-Jun-2026 10:57:47 UTC] VATAN BATCH: album_id=0 id3_album=Cosmos Rocks create_album=yes
[29-Jun-2026 10:57:47 UTC] VATAN BATCH: set artist_id=317 for track #339
[29-Jun-2026 10:57:47 UTC] VATAN BATCH: set album_id=318 for track #339
[29-Jun-2026 10:57:47 UTC] VATAN BATCH: id3 for Queen - Voodoo.mp3 = {"title":"Voodoo","artist":"Queen","album":"Cosmos Rocks","album_art":"","duration":268,"track_number":0,"year":"","genre":""}
[29-Jun-2026 10:57:47 UTC] VATAN BATCH: uploaded Queen - Voodoo.mp3 as attachment #340
[29-Jun-2026 10:57:47 UTC] VATAN BATCH: artist_id=0 use_detected=yes id3_artist=Queen create_artist=yes
[29-Jun-2026 10:57:47 UTC] VATAN BATCH: album_id=0 id3_album=Cosmos Rocks create_album=yes
[29-Jun-2026 10:57:47 UTC] VATAN BATCH: set artist_id=317 for track #341
[29-Jun-2026 10:57:47 UTC] VATAN BATCH: set album_id=318 for track #341
[29-Jun-2026 10:57:47 UTC] VATAN BATCH: id3 for Queen - Warboys.mp3 = {"title":"Warboys","artist":"Queen","album":"Cosmos Rocks","album_art":"","duration":198,"track_number":0,"year":"","genre":""}
[29-Jun-2026 10:57:47 UTC] VATAN BATCH: uploaded Queen - Warboys.mp3 as attachment #342
[29-Jun-2026 10:57:47 UTC] VATAN BATCH: artist_id=0 use_detected=yes id3_artist=Queen create_artist=yes
[29-Jun-2026 10:57:47 UTC] VATAN BATCH: album_id=0 id3_album=Cosmos Rocks create_album=yes
[29-Jun-2026 10:57:47 UTC] VATAN BATCH: set artist_id=317 for track #343
[29-Jun-2026 10:57:47 UTC] VATAN BATCH: set album_id=318 for track #343
[29-Jun-2026 10:57:47 UTC] VATAN BATCH: id3 for Queen - We Believe.mp3 = {"title":"We Believe","artist":"Queen","album":"Cosmos Rocks","album_art":"","duration":368,"track_number":0,"year":"","genre":""}
[29-Jun-2026 10:57:47 UTC] VATAN BATCH: uploaded Queen - We Believe.mp3 as attachment #344
[29-Jun-2026 10:57:47 UTC] VATAN BATCH: artist_id=0 use_detected=yes id3_artist=Queen create_artist=yes
[29-Jun-2026 10:57:47 UTC] VATAN BATCH: album_id=0 id3_album=Cosmos Rocks create_album=yes
[29-Jun-2026 10:57:47 UTC] VATAN BATCH: set artist_id=317 for track #345
[29-Jun-2026 10:57:47 UTC] VATAN BATCH: set album_id=318 for track #345
[29-Jun-2026 10:57:47 UTC] VATAN BATCH: completed — created=14 failed=0
[29-Jun-2026 10:57:47 UTC] VATAN BATCH: no session, cannot store results
[29-Jun-2026 11:07:34 UTC] VATAN BATCH: POST keys = vatan_music_batch_upload, batch_use_detected, _vatan_music_batch_nonce, _wp_http_referer, detected_title, detected_artist, detected_album, detected_track_number, detected_year, batch_artist, batch_create_artist, batch_album, batch_create_album, batch_auto_title, batch_auto_number, batch_status, batch_use_cover
[29-Jun-2026 11:07:34 UTC] VATAN BATCH: FILES received = 6
[29-Jun-2026 11:07:34 UTC] VATAN BATCH: file[0] name=01. Geryeh Nakon.mp3 error=0 size=4534984
[29-Jun-2026 11:07:34 UTC] VATAN BATCH: file[1] name=02. Mehmooni.mp3 error=0 size=4992548
[29-Jun-2026 11:07:34 UTC] VATAN BATCH: file[2] name=03. Atr To.mp3 error=0 size=4581688
[29-Jun-2026 11:07:34 UTC] VATAN BATCH: processing 6 files
[29-Jun-2026 11:07:34 UTC] VATAN BATCH: id3 for 01. Geryeh Nakon.mp3 = {"title":"","artist":"Www.Bia2Music160.Com","album":"Www.Bia2Music160.Com","album_art":"C:\\Windows\\TEMP\/albumart-1jJK9s.tmp.jpg","duration":281,"track_number":0,"year":"","genre":""}
[29-Jun-2026 11:07:35 UTC] VATAN BATCH: uploaded 01. Geryeh Nakon.mp3 as attachment #346
[29-Jun-2026 11:07:35 UTC] VATAN BATCH: artist_id=0 use_detected=yes id3_artist=Www.Bia2Music160.Com create_artist=yes
[29-Jun-2026 11:07:35 UTC] VATAN BATCH: album_id=0 id3_album=Www.Bia2Music160.Com create_album=yes
[29-Jun-2026 11:07:35 UTC] VATAN BATCH: set artist_id=347 for track #349
[29-Jun-2026 11:07:35 UTC] VATAN BATCH: set album_id=348 for track #349
[29-Jun-2026 11:07:35 UTC] VATAN BATCH: id3 for 02. Mehmooni.mp3 = {"title":"","artist":"Www.Bia2Music160.Com","album":"Www.Bia2Music160.Com","album_art":"C:\\Windows\\TEMP\/albumart-HEPopy.tmp.jpg","duration":310,"track_number":0,"year":"","genre":""}
[29-Jun-2026 11:07:35 UTC] VATAN BATCH: uploaded 02. Mehmooni.mp3 as attachment #350
[29-Jun-2026 11:07:35 UTC] VATAN BATCH: artist_id=0 use_detected=yes id3_artist=Www.Bia2Music160.Com create_artist=yes
[29-Jun-2026 11:07:35 UTC] VATAN BATCH: album_id=0 id3_album=Www.Bia2Music160.Com create_album=yes
[29-Jun-2026 11:07:35 UTC] VATAN BATCH: set artist_id=347 for track #351
[29-Jun-2026 11:07:35 UTC] VATAN BATCH: set album_id=348 for track #351
[29-Jun-2026 11:07:35 UTC] VATAN BATCH: id3 for 03. Atr To.mp3 = {"title":"","artist":"Www.Bia2Music160.Com","album":"Www.Bia2Music160.Com","album_art":"C:\\Windows\\TEMP\/albumart-p97KB7.tmp.jpg","duration":284,"track_number":0,"year":"","genre":""}
[29-Jun-2026 11:07:35 UTC] VATAN BATCH: uploaded 03. Atr To.mp3 as attachment #352
[29-Jun-2026 11:07:35 UTC] VATAN BATCH: artist_id=0 use_detected=yes id3_artist=Www.Bia2Music160.Com create_artist=yes
[29-Jun-2026 11:07:35 UTC] VATAN BATCH: album_id=0 id3_album=Www.Bia2Music160.Com create_album=yes
[29-Jun-2026 11:07:35 UTC] VATAN BATCH: set artist_id=347 for track #353
[29-Jun-2026 11:07:35 UTC] VATAN BATCH: set album_id=348 for track #353
[29-Jun-2026 11:07:35 UTC] VATAN BATCH: id3 for 04. Maste Cheshmaat.mp3 = {"title":"","artist":"Www.Bia2Music160.Com","album":"Www.Bia2Music160.Com","album_art":"C:\\Windows\\TEMP\/albumart-XsF8sW.tmp.jpg","duration":285,"track_number":0,"year":"","genre":""}
[29-Jun-2026 11:07:35 UTC] VATAN BATCH: uploaded 04. Maste Cheshmaat.mp3 as attachment #354
[29-Jun-2026 11:07:35 UTC] VATAN BATCH: artist_id=0 use_detected=yes id3_artist=Www.Bia2Music160.Com create_artist=yes
[29-Jun-2026 11:07:35 UTC] VATAN BATCH: album_id=0 id3_album=Www.Bia2Music160.Com create_album=yes
[29-Jun-2026 11:07:35 UTC] VATAN BATCH: set artist_id=347 for track #355
[29-Jun-2026 11:07:35 UTC] VATAN BATCH: set album_id=348 for track #355
[29-Jun-2026 11:07:35 UTC] VATAN BATCH: id3 for 05. Jostejoo.mp3 = {"title":"","artist":"Www.Bia2Music160.Com","album":"Www.Bia2Music160.Com","album_art":"C:\\Windows\\TEMP\/albumart-Dq6uQh.tmp.jpg","duration":302,"track_number":0,"year":"","genre":""}
[29-Jun-2026 11:07:35 UTC] VATAN BATCH: uploaded 05. Jostejoo.mp3 as attachment #356
[29-Jun-2026 11:07:35 UTC] VATAN BATCH: artist_id=0 use_detected=yes id3_artist=Www.Bia2Music160.Com create_artist=yes
[29-Jun-2026 11:07:35 UTC] VATAN BATCH: album_id=0 id3_album=Www.Bia2Music160.Com create_album=yes
[29-Jun-2026 11:07:35 UTC] VATAN BATCH: set artist_id=347 for track #357
[29-Jun-2026 11:07:35 UTC] VATAN BATCH: set album_id=348 for track #357
[29-Jun-2026 11:07:35 UTC] VATAN BATCH: id3 for 06. Khaneh o Khatereh.mp3 = {"title":"","artist":"Www.Bia2Music160.Com","album":"Www.Bia2Music160.Com","album_art":"C:\\Windows\\TEMP\/albumart-aDGssE.tmp.jpg","duration":302,"track_number":0,"year":"","genre":""}
[29-Jun-2026 11:07:35 UTC] VATAN BATCH: uploaded 06. Khaneh o Khatereh.mp3 as attachment #358
[29-Jun-2026 11:07:35 UTC] VATAN BATCH: artist_id=0 use_detected=yes id3_artist=Www.Bia2Music160.Com create_artist=yes
[29-Jun-2026 11:07:35 UTC] VATAN BATCH: album_id=0 id3_album=Www.Bia2Music160.Com create_album=yes
[29-Jun-2026 11:07:35 UTC] VATAN BATCH: set artist_id=347 for track #359
[29-Jun-2026 11:07:35 UTC] VATAN BATCH: set album_id=348 for track #359
[29-Jun-2026 11:07:35 UTC] VATAN BATCH: completed — created=6 failed=0
[29-Jun-2026 11:07:35 UTC] VATAN BATCH: no session, cannot store results
[03-Jul-2026 18:22:46 UTC] Automatic updates starting...
[03-Jul-2026 18:22:50 UTC]   Automatic plugin updates starting...
[03-Jul-2026 18:22:50 UTC]   Automatic plugin updates complete.
[03-Jul-2026 18:22:52 UTC]   Automatic theme updates starting...
[03-Jul-2026 18:22:52 UTC]   Automatic theme updates complete.
[03-Jul-2026 18:22:52 UTC] Automatic updates complete.
[03-Jul-2026 18:58:11 UTC] VATAN BATCH: POST keys = vatan_music_batch_upload, batch_use_detected, _vatan_music_batch_nonce, _wp_http_referer, detected_title, detected_artist, detected_album, detected_track_number, detected_year, batch_artist, batch_create_artist, batch_album, batch_create_album, batch_auto_title, batch_auto_number, batch_status, batch_use_cover
[03-Jul-2026 18:58:11 UTC] VATAN BATCH: FILES received = 11
[03-Jul-2026 18:58:11 UTC] VATAN BATCH: file[0] name=01. Kaboos (Instrumental).mp3 error=0 size=1460586
[03-Jul-2026 18:58:11 UTC] VATAN BATCH: file[1] name=02. Khab Bazi.mp3 error=0 size=6017866
[03-Jul-2026 18:58:11 UTC] VATAN BATCH: file[2] name=03. Bonbast.mp3 error=0 size=5371834
[03-Jul-2026 18:58:11 UTC] VATAN BATCH: processing 11 files
[03-Jul-2026 18:58:11 UTC] VATAN BATCH: id3 for 01. Kaboos (Instrumental).mp3 = {"title":"","artist":"The Ways","album":"Stress","album_art":"","duration":61,"track_number":32,"year":"2010","genre":"Other"}
[03-Jul-2026 18:58:11 UTC] VATAN BATCH: uploaded 01. Kaboos (Instrumental).mp3 as attachment #366
[03-Jul-2026 18:58:11 UTC] VATAN BATCH: artist_id=0 use_detected=yes id3_artist=The Ways create_artist=yes
[03-Jul-2026 18:58:11 UTC] VATAN BATCH: album_id=0 id3_album=Stress create_album=yes
[03-Jul-2026 18:58:11 UTC] VATAN BATCH: set artist_id=367 for track #369
[03-Jul-2026 18:58:11 UTC] VATAN BATCH: set album_id=368 for track #369
[03-Jul-2026 18:58:11 UTC] VATAN BATCH: id3 for 02. Khab Bazi.mp3 = {"title":"02.Khab Bazi","artist":"The Ways","album":"Stress","album_art":"","duration":251,"track_number":0,"year":"2010","genre":"Other"}
[03-Jul-2026 18:58:11 UTC] VATAN BATCH: uploaded 02. Khab Bazi.mp3 as attachment #370
[03-Jul-2026 18:58:11 UTC] VATAN BATCH: artist_id=0 use_detected=yes id3_artist=The Ways create_artist=yes
[03-Jul-2026 18:58:11 UTC] VATAN BATCH: album_id=0 id3_album=Stress create_album=yes
[03-Jul-2026 18:58:11 UTC] VATAN BATCH: set artist_id=367 for track #371
[03-Jul-2026 18:58:11 UTC] VATAN BATCH: set album_id=368 for track #371
[03-Jul-2026 18:58:11 UTC] VATAN BATCH: id3 for 03. Bonbast.mp3 = {"title":"","artist":"The Ways","album":"Stress","album_art":"","duration":224,"track_number":32,"year":"2010","genre":"Other"}
[03-Jul-2026 18:58:11 UTC] VATAN BATCH: uploaded 03. Bonbast.mp3 as attachment #372
[03-Jul-2026 18:58:11 UTC] VATAN BATCH: artist_id=0 use_detected=yes id3_artist=The Ways create_artist=yes
[03-Jul-2026 18:58:11 UTC] VATAN BATCH: album_id=0 id3_album=Stress create_album=yes
[03-Jul-2026 18:58:11 UTC] VATAN BATCH: set artist_id=367 for track #373
[03-Jul-2026 18:58:11 UTC] VATAN BATCH: set album_id=368 for track #373
[03-Jul-2026 18:58:11 UTC] VATAN BATCH: id3 for 04. Sobh Zohr Shab.mp3 = {"title":"04.sob zor shab","artist":"The Ways","album":"Stress","album_art":"","duration":204,"track_number":4,"year":"2010","genre":"Other"}
[03-Jul-2026 18:58:11 UTC] VATAN BATCH: uploaded 04. Sobh Zohr Shab.mp3 as attachment #374
[03-Jul-2026 18:58:11 UTC] VATAN BATCH: artist_id=0 use_detected=yes id3_artist=The Ways create_artist=yes
[03-Jul-2026 18:58:11 UTC] VATAN BATCH: album_id=0 id3_album=Stress create_album=yes
[03-Jul-2026 18:58:11 UTC] VATAN BATCH: set artist_id=367 for track #375
[03-Jul-2026 18:58:11 UTC] VATAN BATCH: set album_id=368 for track #375
[03-Jul-2026 18:58:11 UTC] VATAN BATCH: id3 for 05. Soot o Koor.mp3 = {"title":"","artist":"The Ways","album":"Stress","album_art":"","duration":207,"track_number":32,"year":"2010","genre":"Other"}
[03-Jul-2026 18:58:11 UTC] VATAN BATCH: uploaded 05. Soot o Koor.mp3 as attachment #376
[03-Jul-2026 18:58:11 UTC] VATAN BATCH: artist_id=0 use_detected=yes id3_artist=The Ways create_artist=yes
[03-Jul-2026 18:58:11 UTC] VATAN BATCH: album_id=0 id3_album=Stress create_album=yes
[03-Jul-2026 18:58:11 UTC] VATAN BATCH: set artist_id=367 for track #377
[03-Jul-2026 18:58:11 UTC] VATAN BATCH: set album_id=368 for track #377
[03-Jul-2026 18:58:11 UTC] VATAN BATCH: id3 for 06. Barandehaye Farda.mp3 = {"title":"","artist":"The Ways","album":"Stress","album_art":"","duration":214,"track_number":32,"year":"2010","genre":"Other"}
[03-Jul-2026 18:58:11 UTC] VATAN BATCH: uploaded 06. Barandehaye Farda.mp3 as attachment #378
[03-Jul-2026 18:58:11 UTC] VATAN BATCH: artist_id=0 use_detected=yes id3_artist=The Ways create_artist=yes
[03-Jul-2026 18:58:11 UTC] VATAN BATCH: album_id=0 id3_album=Stress create_album=yes
[03-Jul-2026 18:58:11 UTC] VATAN BATCH: set artist_id=367 for track #379
[03-Jul-2026 18:58:11 UTC] VATAN BATCH: set album_id=368 for track #379
[03-Jul-2026 18:58:11 UTC] VATAN BATCH: id3 for 07. Shahr e Man Koo.mp3 = {"title":"","artist":"The Ways","album":"Stress","album_art":"","duration":227,"track_number":32,"year":"2010","genre":"Other"}
[03-Jul-2026 18:58:11 UTC] VATAN BATCH: uploaded 07. Shahr e Man Koo.mp3 as attachment #380
[03-Jul-2026 18:58:11 UTC] VATAN BATCH: artist_id=0 use_detected=yes id3_artist=The Ways create_artist=yes
[03-Jul-2026 18:58:11 UTC] VATAN BATCH: album_id=0 id3_album=Stress create_album=yes
[03-Jul-2026 18:58:11 UTC] VATAN BATCH: set artist_id=367 for track #381
[03-Jul-2026 18:58:11 UTC] VATAN BATCH: set album_id=368 for track #381
[03-Jul-2026 18:58:11 UTC] VATAN BATCH: id3 for 08. Tehran.mp3 = {"title":"08.TEHRAN","artist":"The Ways","album":"Stress","album_art":"","duration":218,"track_number":32,"year":"2010","genre":"Other"}
[03-Jul-2026 18:58:11 UTC] VATAN BATCH: uploaded 08. Tehran.mp3 as attachment #382
[03-Jul-2026 18:58:11 UTC] VATAN BATCH: artist_id=0 use_detected=yes id3_artist=The Ways create_artist=yes
[03-Jul-2026 18:58:11 UTC] VATAN BATCH: album_id=0 id3_album=Stress create_album=yes
[03-Jul-2026 18:58:11 UTC] VATAN BATCH: set artist_id=367 for track #383
[03-Jul-2026 18:58:11 UTC] VATAN BATCH: set album_id=368 for track #383
[03-Jul-2026 18:58:11 UTC] VATAN BATCH: id3 for 09. Otagh e Abi.mp3 = {"title":"09.Otagh e Abi","artist":"The Ways","album":"Stress","album_art":"","duration":157,"track_number":0,"year":"2010","genre":"Rock"}
[03-Jul-2026 18:58:11 UTC] VATAN BATCH: uploaded 09. Otagh e Abi.mp3 as attachment #384
[03-Jul-2026 18:58:11 UTC] VATAN BATCH: artist_id=0 use_detected=yes id3_artist=The Ways create_artist=yes
[03-Jul-2026 18:58:11 UTC] VATAN BATCH: album_id=0 id3_album=Stress create_album=yes
[03-Jul-2026 18:58:11 UTC] VATAN BATCH: set artist_id=367 for track #385
[03-Jul-2026 18:58:11 UTC] VATAN BATCH: set album_id=368 for track #385
[03-Jul-2026 18:58:11 UTC] VATAN BATCH: id3 for 10. Lompan Party.mp3 = {"title":"10.Lompan Party","artist":"The Ways","album":"Stress","album_art":"","duration":194,"track_number":32,"year":"2010","genre":"Other"}
[03-Jul-2026 18:58:11 UTC] VATAN BATCH: uploaded 10. Lompan Party.mp3 as attachment #386
[03-Jul-2026 18:58:11 UTC] VATAN BATCH: artist_id=0 use_detected=yes id3_artist=The Ways create_artist=yes
[03-Jul-2026 18:58:11 UTC] VATAN BATCH: album_id=0 id3_album=Stress create_album=yes
[03-Jul-2026 18:58:11 UTC] VATAN BATCH: set artist_id=367 for track #387
[03-Jul-2026 18:58:11 UTC] VATAN BATCH: set album_id=368 for track #387
[03-Jul-2026 18:58:11 UTC] VATAN BATCH: id3 for 11. Marg e Shaer.mp3 = {"title":"","artist":"The Ways","album":"Stress","album_art":"","duration":148,"track_number":32,"year":"2010","genre":"Other"}
[03-Jul-2026 18:58:11 UTC] VATAN BATCH: uploaded 11. Marg e Shaer.mp3 as attachment #388
[03-Jul-2026 18:58:11 UTC] VATAN BATCH: artist_id=0 use_detected=yes id3_artist=The Ways create_artist=yes
[03-Jul-2026 18:58:11 UTC] VATAN BATCH: album_id=0 id3_album=Stress create_album=yes
[03-Jul-2026 18:58:11 UTC] VATAN BATCH: set artist_id=367 for track #389
[03-Jul-2026 18:58:11 UTC] VATAN BATCH: set album_id=368 for track #389
[03-Jul-2026 18:58:12 UTC] VATAN BATCH: completed — created=11 failed=0
[03-Jul-2026 18:58:12 UTC] VATAN BATCH: no session, cannot store results
[03-Jul-2026 19:06:20 UTC] VATAN ALBUM SAVE: cover_file=Ebi_-_Atre_To.jpg type=image/jpeg size=23071
[03-Jul-2026 19:06:20 UTC] VATAN ALBUM SAVE: cover_attachment_id=392
[03-Jul-2026 19:06:50 UTC] VATAN TRACK SAVE: cover_file=Ebi_-_Atre_To.jpg type=image/jpeg size=23071
[03-Jul-2026 19:06:50 UTC] VATAN TRACK SAVE: cover_attachment_id=393
[03-Jul-2026 19:15:30 UTC] VATAN TRACK SAVE: cover_file=Ebi_-_Atre_To.jpg type=image/jpeg size=23071
[03-Jul-2026 19:15:30 UTC] VATAN TRACK SAVE: cover_attachment_id=394
[03-Jul-2026 19:15:30 UTC] VATAN TRACK COVER: set_post_thumbnail(357, 394) returned false has_thumb=false _thumbnail_id=
[03-Jul-2026 19:16:13 UTC] VATAN ALBUM SAVE: cover_file=Ebi_-_Atre_To.jpg type=image/jpeg size=23071
[03-Jul-2026 19:16:13 UTC] VATAN ALBUM SAVE: cover_attachment_id=395
[03-Jul-2026 19:16:13 UTC] VATAN ALBUM COVER: set_post_thumbnail(348, 395) returned false has_thumb=false _thumbnail_id=
[03-Jul-2026 19:22:54 UTC] VATAN ALBUM SAVE: cover_file=Ebi_-_Atre_To.jpg type=image/jpeg size=23071
[03-Jul-2026 19:22:54 UTC] VATAN UPLOAD: wp_handle_upload OK file=C:\Users\sutso\Local Sites\vatan-ticket\app\public/wp-content/uploads/2026/07/Ebi_-_Atre_To-8.jpg url=http://vatan-ticket.local/wp-content/uploads/2026/07/Ebi_-_Atre_To-8.jpg
[03-Jul-2026 19:22:54 UTC] VATAN UPLOAD: attachment #396 status=publish file_exists=true
[03-Jul-2026 19:22:54 UTC] VATAN ALBUM SAVE: cover_attachment_id=397
[03-Jul-2026 19:22:54 UTC] VATAN ALBUM COVER: set_post_thumbnail(348, 397) returned false has_thumb=false _thumbnail_id=
[03-Jul-2026 19:23:26 UTC] VATAN TRACK SAVE: cover_file=Ebi_-_Atre_To.jpg type=image/jpeg size=23071
[03-Jul-2026 19:23:26 UTC] VATAN UPLOAD: wp_handle_upload OK file=C:\Users\sutso\Local Sites\vatan-ticket\app\public/wp-content/uploads/2026/07/Ebi_-_Atre_To-9.jpg url=http://vatan-ticket.local/wp-content/uploads/2026/07/Ebi_-_Atre_To-9.jpg
[03-Jul-2026 19:23:26 UTC] VATAN UPLOAD: attachment #398 status=publish file_exists=true
[03-Jul-2026 19:23:26 UTC] VATAN TRACK SAVE: cover_attachment_id=399
[03-Jul-2026 19:23:26 UTC] VATAN TRACK COVER: set_post_thumbnail(349, 399) returned false has_thumb=false _thumbnail_id=
[03-Jul-2026 19:28:51 UTC] VATAN ALBUM SAVE: cover_file=Ebi_-_Atre_To.jpg type=image/jpeg size=23071
[03-Jul-2026 19:28:51 UTC] VATAN UPLOAD: wp_handle_upload OK file=C:\Users\sutso\Local Sites\vatan-ticket\app\public/wp-content/uploads/2026/07/Ebi_-_Atre_To-10.jpg url=http://vatan-ticket.local/wp-content/uploads/2026/07/Ebi_-_Atre_To-10.jpg
[03-Jul-2026 19:28:52 UTC] VATAN UPLOAD: attachment #400 status=publish
[03-Jul-2026 19:28:52 UTC] VATAN ALBUM SAVE: cover_attachment_id=400
[03-Jul-2026 19:28:52 UTC] VATAN ALBUM COVER: set_post_thumbnail(348, 400) returned false has_thumb=false _thumbnail_id=
[03-Jul-2026 19:29:26 UTC] VATAN TRACK SAVE: cover_file=Ebi_-_Atre_To.jpg type=image/jpeg size=23071
[03-Jul-2026 19:29:26 UTC] VATAN UPLOAD: wp_handle_upload OK file=C:\Users\sutso\Local Sites\vatan-ticket\app\public/wp-content/uploads/2026/07/Ebi_-_Atre_To-11.jpg url=http://vatan-ticket.local/wp-content/uploads/2026/07/Ebi_-_Atre_To-11.jpg
[03-Jul-2026 19:29:26 UTC] VATAN UPLOAD: attachment #401 status=publish
[03-Jul-2026 19:29:26 UTC] VATAN TRACK SAVE: cover_attachment_id=401
[03-Jul-2026 19:29:26 UTC] VATAN TRACK COVER: set_post_thumbnail(351, 401) returned false has_thumb=false _thumbnail_id=
[03-Jul-2026 19:55:46 UTC] VATAN TRACK SAVE: cover_file=Ebi_-_Atre_To.jpg type=image/jpeg size=23071
[03-Jul-2026 19:55:46 UTC] VATAN UPLOAD: wp_handle_upload OK file=C:\Users\sutso\Local Sites\vatan-ticket\app\public/wp-content/uploads/2026/07/Ebi_-_Atre_To-12.jpg url=http://vatan-ticket.local/wp-content/uploads/2026/07/Ebi_-_Atre_To-12.jpg
[03-Jul-2026 19:55:46 UTC] VATAN UPLOAD: attachment #402 status=publish
[03-Jul-2026 19:55:46 UTC] VATAN TRACK SAVE: cover_attachment_id=402
[03-Jul-2026 19:55:46 UTC] VATAN TRACK COVER: update_post_meta(351, _thumbnail_id, 402) returned 3697
[03-Jul-2026 19:56:32 UTC] VATAN ALBUM SAVE: cover_file=atreto.jpg type=image/jpeg size=23071
[03-Jul-2026 19:56:32 UTC] VATAN UPLOAD: wp_handle_upload OK file=C:\Users\sutso\Local Sites\vatan-ticket\app\public/wp-content/uploads/2026/07/atreto.jpg url=http://vatan-ticket.local/wp-content/uploads/2026/07/atreto.jpg
[03-Jul-2026 19:56:32 UTC] VATAN UPLOAD: attachment #403 status=publish
[03-Jul-2026 19:56:32 UTC] VATAN ALBUM SAVE: cover_attachment_id=403
[03-Jul-2026 19:56:32 UTC] VATAN ALBUM COVER: update_post_meta(348, _thumbnail_id, 403) returned 3700
[03-Jul-2026 20:39:10 UTC] VATAN ALBUM SAVE: cover_file=atreto.jpg type=image/jpeg size=23071
[03-Jul-2026 20:39:10 UTC] VATAN UPLOAD: wp_handle_upload OK file=C:\Users\sutso\Local Sites\vatan-ticket\app\public/wp-content/uploads/2026/07/atreto-1.jpg url=http://vatan-ticket.local/wp-content/uploads/2026/07/atreto-1.jpg
[03-Jul-2026 20:39:10 UTC] VATAN UPLOAD: attachment #404 status=publish
[03-Jul-2026 20:39:10 UTC] VATAN ALBUM SAVE: cover_attachment_id=404
[03-Jul-2026 20:39:10 UTC] VATAN ALBUM COVER: about to set _thumbnail_id=404 on post_id=348 post_exists=true attach_exists=true attach_status=publish
[03-Jul-2026 20:39:10 UTC] VATAN ALBUM COVER: update_post_meta returned true verify=404
[03-Jul-2026 20:39:32 UTC] VATAN TRACK SAVE: cover_file=atreto.jpg type=image/jpeg size=23071
[03-Jul-2026 20:39:32 UTC] VATAN UPLOAD: wp_handle_upload OK file=C:\Users\sutso\Local Sites\vatan-ticket\app\public/wp-content/uploads/2026/07/atreto-2.jpg url=http://vatan-ticket.local/wp-content/uploads/2026/07/atreto-2.jpg
[03-Jul-2026 20:39:33 UTC] VATAN UPLOAD: attachment #405 status=publish
[03-Jul-2026 20:39:33 UTC] VATAN TRACK SAVE: cover_attachment_id=405
[03-Jul-2026 20:39:33 UTC] VATAN TRACK COVER: about to set _thumbnail_id=405 on post_id=359 post_exists=true attach_exists=true attach_status=publish
[03-Jul-2026 20:39:33 UTC] VATAN TRACK COVER: update_post_meta returned 3711 verify=405
[03-Jul-2026 20:46:50 UTC] VATAN ALBUM SAVE: cover_file=atreto.jpg type=image/jpeg size=23071
[03-Jul-2026 20:46:50 UTC] VATAN UPLOAD: wp_handle_upload OK file=C:\Users\sutso\Local Sites\vatan-ticket\app\public/wp-content/uploads/2026/07/atreto-3.jpg url=http://vatan-ticket.local/wp-content/uploads/2026/07/atreto-3.jpg
[03-Jul-2026 20:46:50 UTC] VATAN UPLOAD: attachment #406 status=publish
[03-Jul-2026 20:46:50 UTC] VATAN ALBUM SAVE: cover_attachment_id=406
[03-Jul-2026 20:46:50 UTC] VATAN ALBUM COVER: about to set _thumbnail_id=406 on post_id=348 post_exists=true attach_exists=true attach_status=publish
[03-Jul-2026 20:46:50 UTC] VATAN ALBUM COVER: update_post_meta returned true verify=406
[03-Jul-2026 20:47:32 UTC] VATAN ALBUM SAVE: cover_file=atreto.jpg type=image/jpeg size=23071
[03-Jul-2026 20:47:32 UTC] VATAN UPLOAD: wp_handle_upload OK file=C:\Users\sutso\Local Sites\vatan-ticket\app\public/wp-content/uploads/2026/07/atreto-4.jpg url=http://vatan-ticket.local/wp-content/uploads/2026/07/atreto-4.jpg
[03-Jul-2026 20:47:32 UTC] VATAN UPLOAD: attachment #408 status=publish
[03-Jul-2026 20:47:32 UTC] VATAN ALBUM SAVE: cover_attachment_id=408
[03-Jul-2026 20:47:32 UTC] VATAN ALBUM COVER: about to set _thumbnail_id=408 on post_id=348 post_exists=true attach_exists=true attach_status=publish
[03-Jul-2026 20:47:32 UTC] VATAN ALBUM COVER: update_post_meta returned true verify=408
[03-Jul-2026 20:50:24 UTC] PHP Parse error:  Unmatched '}' in C:\Users\sutso\Local Sites\vatan-ticket\app\public\wp-content\themes\vatan-event\inc\music\admin.php on line 1194
[03-Jul-2026 20:50:24 UTC] PHP Notice:  Function _load_textdomain_just_in_time was called <strong>incorrectly</strong>. بارگذاری ترجمه برای دامنه <code>vatan-event</code> زودتر از حد مجاز فراخوانی شد. این معمولاً نشان‌دهندهٔ اجرای کدی در افزونه یا پوسته است که خیلی زود اجرا شده است. ترجمه‌ها باید در عملیات <code>init</code> یا بعد از آن بارگذاری شوند. Please see <a href="https://developer.wordpress.org/advanced-administration/debug/debug-wordpress/">Debugging in WordPress</a> for more information. (این پیام در نگارش 6.7.0 افزوده شده است.) in C:\Users\sutso\Local Sites\vatan-ticket\app\public\wp-includes\functions.php on line 6170
[03-Jul-2026 20:52:25 UTC] PHP Parse error:  Unmatched '}' in C:\Users\sutso\Local Sites\vatan-ticket\app\public\wp-content\themes\vatan-event\inc\music\admin.php on line 1194
[03-Jul-2026 20:52:25 UTC] PHP Notice:  Function _load_textdomain_just_in_time was called <strong>incorrectly</strong>. بارگذاری ترجمه برای دامنه <code>woocommerce</code> زودتر از حد مجاز فراخوانی شد. این معمولاً نشان‌دهندهٔ اجرای کدی در افزونه یا پوسته است که خیلی زود اجرا شده است. ترجمه‌ها باید در عملیات <code>init</code> یا بعد از آن بارگذاری شوند. Please see <a href="https://developer.wordpress.org/advanced-administration/debug/debug-wordpress/">Debugging in WordPress</a> for more information. (این پیام در نگارش 6.7.0 افزوده شده است.) in C:\Users\sutso\Local Sites\vatan-ticket\app\public\wp-includes\functions.php on line 6170
[03-Jul-2026 20:52:44 UTC] PHP Parse error:  Unmatched '}' in C:\Users\sutso\Local Sites\vatan-ticket\app\public\wp-content\themes\vatan-event\inc\music\admin.php on line 1194
[03-Jul-2026 20:52:44 UTC] PHP Notice:  Function _load_textdomain_just_in_time was called <strong>incorrectly</strong>. بارگذاری ترجمه برای دامنه <code>woocommerce</code> زودتر از حد مجاز فراخوانی شد. این معمولاً نشان‌دهندهٔ اجرای کدی در افزونه یا پوسته است که خیلی زود اجرا شده است. ترجمه‌ها باید در عملیات <code>init</code> یا بعد از آن بارگذاری شوند. Please see <a href="https://developer.wordpress.org/advanced-administration/debug/debug-wordpress/">Debugging in WordPress</a> for more information. (این پیام در نگارش 6.7.0 افزوده شده است.) in C:\Users\sutso\Local Sites\vatan-ticket\app\public\wp-includes\functions.php on line 6170
[03-Jul-2026 20:52:50 UTC] PHP Parse error:  Unmatched '}' in C:\Users\sutso\Local Sites\vatan-ticket\app\public\wp-content\themes\vatan-event\inc\music\admin.php on line 1194
[03-Jul-2026 20:52:50 UTC] PHP Notice:  Function _load_textdomain_just_in_time was called <strong>incorrectly</strong>. بارگذاری ترجمه برای دامنه <code>woocommerce</code> زودتر از حد مجاز فراخوانی شد. این معمولاً نشان‌دهندهٔ اجرای کدی در افزونه یا پوسته است که خیلی زود اجرا شده است. ترجمه‌ها باید در عملیات <code>init</code> یا بعد از آن بارگذاری شوند. Please see <a href="https://developer.wordpress.org/advanced-administration/debug/debug-wordpress/">Debugging in WordPress</a> for more information. (این پیام در نگارش 6.7.0 افزوده شده است.) in C:\Users\sutso\Local Sites\vatan-ticket\app\public\wp-includes\functions.php on line 6170
[03-Jul-2026 20:52:50 UTC] PHP Parse error:  Unmatched '}' in C:\Users\sutso\Local Sites\vatan-ticket\app\public\wp-content\themes\vatan-event\inc\music\admin.php on line 1194
[03-Jul-2026 20:52:50 UTC] PHP Notice:  Function _load_textdomain_just_in_time was called <strong>incorrectly</strong>. بارگذاری ترجمه برای دامنه <code>woocommerce</code> زودتر از حد مجاز فراخوانی شد. این معمولاً نشان‌دهندهٔ اجرای کدی در افزونه یا پوسته است که خیلی زود اجرا شده است. ترجمه‌ها باید در عملیات <code>init</code> یا بعد از آن بارگذاری شوند. Please see <a href="https://developer.wordpress.org/advanced-administration/debug/debug-wordpress/">Debugging in WordPress</a> for more information. (این پیام در نگارش 6.7.0 افزوده شده است.) in C:\Users\sutso\Local Sites\vatan-ticket\app\public\wp-includes\functions.php on line 6170
[03-Jul-2026 20:57:08 UTC] VATAN ALBUM SAVE: cover_file=atreto.jpg type=image/jpeg size=23071
[03-Jul-2026 20:57:09 UTC] VATAN UPLOAD: attachment #409 status=publish
[03-Jul-2026 20:57:09 UTC] VATAN ALBUM SAVE: cover_attachment_id=409
[03-Jul-2026 20:57:09 UTC] VATAN ALBUM COVER: set_post_thumbnail(348, 409) = true
[04-Jul-2026 08:42:59 UTC] PHP Warning:  mysqli_real_connect(): (HY000/2002): No connection could be made because the target machine actively refused it in C:\Users\sutso\Local Sites\vatan-ticket\app\public\wp-includes\class-wpdb.php on line 1988
[04-Jul-2026 08:43:49 UTC] PHP Warning:  wp_version_check(): یک خطای غیرمنتظره رخ داد. ممکن است مشکل از WordPress.org یا تنظیمات سرویس‌دهنده شما باشد. اگر کماکان این مشکلات ادامه داشت، لطفا سری به <a href="https://fa.wordpress.org/support/forums/">انجمن‌های پشتیبانی</a> بزنید. (وردپرس نتوانست ارتباطی امن با سایت WordPress.org برقرار کند. لطفاً با مدیر سرور خود تماس بگیرید.) in C:\Users\sutso\Local Sites\vatan-ticket\app\public\wp-includes\functions.php on line 6170
[04-Jul-2026 08:43:49 UTC] PHP Warning:  wp_version_check(): یک خطای غیرمنتظره رخ داد. ممکن است مشکل از WordPress.org یا تنظیمات سرویس‌دهنده شما باشد. اگر کماکان این مشکلات ادامه داشت، لطفا سری به <a href="https://fa.wordpress.org/support/forums/">انجمن‌های پشتیبانی</a> بزنید. (وردپرس نتوانست ارتباطی امن با سایت WordPress.org برقرار کند. لطفاً با مدیر سرور خود تماس بگیرید.) in C:\Users\sutso\Local Sites\vatan-ticket\app\public\wp-includes\functions.php on line 6170
[04-Jul-2026 08:45:11 UTC] Automatic updates starting...
[04-Jul-2026 08:45:14 UTC]   Automatic plugin updates starting...
[04-Jul-2026 08:45:14 UTC]   Automatic plugin updates complete.
[04-Jul-2026 08:45:14 UTC]   Automatic theme updates starting...
[04-Jul-2026 08:45:14 UTC]   Automatic theme updates complete.
[04-Jul-2026 08:45:14 UTC] Automatic updates complete.
[04-Jul-2026 08:53:02 UTC] PHP Warning:  wp_version_check(): یک خطای غیرمنتظره رخ داد. ممکن است مشکل از WordPress.org یا تنظیمات سرویس‌دهنده شما باشد. اگر کماکان این مشکلات ادامه داشت، لطفا سری به <a href="https://fa.wordpress.org/support/forums/">انجمن‌های پشتیبانی</a> بزنید. (وردپرس نتوانست ارتباطی امن با سایت WordPress.org برقرار کند. لطفاً با مدیر سرور خود تماس بگیرید.) in C:\Users\sutso\Local Sites\vatan-ticket\app\public\wp-includes\functions.php on line 6170
[04-Jul-2026 09:05:31 UTC] PHP Warning:  wp_version_check(): یک خطای غیرمنتظره رخ داد. ممکن است مشکل از WordPress.org یا تنظیمات سرویس‌دهنده شما باشد. اگر کماکان این مشکلات ادامه داشت، لطفا سری به <a href="https://fa.wordpress.org/support/forums/">انجمن‌های پشتیبانی</a> بزنید. (وردپرس نتوانست ارتباطی امن با سایت WordPress.org برقرار کند. لطفاً با مدیر سرور خود تماس بگیرید.) in C:\Users\sutso\Local Sites\vatan-ticket\app\public\wp-includes\functions.php on line 6170
